[debug] [2021-12-06T08:58:30.275Z] ----------------------------------------------------------------------
[debug] [2021-12-06T08:58:30.278Z] Command:       E:\Installed Drivers\Node.js\node.exe C:\Users\shiva\AppData\Roaming\npm\node_modules\firebase-tools\lib\bin\firebase.js init
[debug] [2021-12-06T08:58:30.278Z] CLI Version:   9.23.0
[debug] [2021-12-06T08:58:30.278Z] Platform:      win32
[debug] [2021-12-06T08:58:30.278Z] Node Version:  v16.2.0
[debug] [2021-12-06T08:58:30.279Z] Time:          Mon Dec 06 2021 14:28:30 GMT+0530 (India Standard Time)
[debug] [2021-12-06T08:58:30.279Z] ----------------------------------------------------------------------
[debug] 
[debug] [2021-12-06T08:58:30.338Z] > command requires scopes: ["email","openid","https://www.googleapis.com/auth/cloudplatformprojects.readonly","https://www.googleapis.com/auth/firebase","https://www.googleapis.com/auth/cloud-platform"]
[debug] [2021-12-06T08:58:30.338Z] > authorizing via signed-in user (shivambhagwat06071998@gmail.com)
[info] 
     ######## #### ########  ######## ########     ###     ######  ########
     ##        ##  ##     ## ##       ##     ##  ##   ##  ##       ##
     ######    ##  ########  ######   ########  #########  ######  ######
     ##        ##  ##    ##  ##       ##     ## ##     ##       ## ##
     ##       #### ##     ## ######## ########  ##     ##  ######  ########

You're about to initialize a Firebase project in this directory:

  E:\html\Java Script 3\New folder\rel-tube

Before we get started, keep in mind:

  * You are initializing within an existing Firebase project directory

